Arguments: 
  C:\Program Files\nodejs\node.exe C:\Users\Admin\AppData\Roaming\npm\node_modules\yarn\bin\yarn.js install --silent

PATH: 
  C:\Users\Admin\AppData\Roaming\npm-cache\_npx\9924;C:\oraclexe\app\oracle\product\11.2.0\server\bin;C:\Program Files\Common Files\Oracle\Java\javapath;C:\Program Files (x86)\Common Files\Oracle\Java\javapath;C:\Program Files (x86)\Common Files\Intel\Shared Libraries\redist\intel64\compiler;C:\Users\Admin\AppData\Local\Programs\Python\Python39\Scripts\;C:\Users\Admin\AppData\Local\Programs\Python\Python39\;C:\WINDOWS\system32;C:\WINDOWS;C:\WINDOWS\System32\Wbem;C:\WINDOWS\System32\WindowsPowerShell\v1.0\;C:\WINDOWS\System32\OpenSSH\;C:\Program Files\nodejs\;C:\ProgramData\chocolatey\bin;C:\Program Files\PuTTY\;C:\Program Files\Redis\;C:\Program Files\Go\bin;C:\Program Files\Docker\Docker\resources\bin;C:\ProgramData\DockerDesktop\version-bin;C:\ffmpeg\bin;C:\Users\Admin\AppData\Local\Android\Sdk;C:\Python27;C:\Users\Admin\AppData\Local\Android\Sdk\platform-tools;C:\Users\Admin\AppData\Local\Android\Sdk\cmdline-tools\latest\bin;C:\Program Files\Java\jdk1.8.0_301\bin;C:\Program Files\wkhtmltopdf\bin;C:\Program Files\dotnet\;C:\Program Files\Git\cmd;C:\Program Files\MySQL\MySQL Shell 8.0\bin\;C:\Users\Admin\AppData\Local\Microsoft\WindowsApps;C:\Users\Admin\AppData\Local\Programs\Microsoft VS Code\bin;C:\Users\Admin\AppData\Roaming\npm;C:\Program Files\heroku\bin;C:\MinGW\bin;C:\Users\Admin\AppData\Local\GitHubDesktop\bin;C:\Program Files\MySQL\MySQL Shell 8.0\bin;C:\Program Files\MySQL\MySQL Server 8.0\bin;C:\Users\Admin\go\bin;C:\ffmpeg\bin;C:\Users\Admin\AppData\Local\Android\Sdk\cmdline-tools\latest\bin;C:\Program Files\Java\jdk1.8.0_301\bin;C:\Program Files\JetBrains\IntelliJ IDEA Community Edition 2021.2.2\bin;;C:\Program Files\wkhtmltopdf\bin;

Yarn version: 
  1.22.10

Node version: 
  14.17.3

Platform: 
  win32 x64

Trace: 
  Error: getaddrinfo ENOTFOUND registry.yarnpkg.com
      at GetAddrInfoReqWrap.onlookup [as oncomplete] (dns.js:69:26)

npm manifest: 
  {
    "name": "csifrontend",
    "version": "0.1.0",
    "private": true,
    "scripts": {
      "dev": "next dev",
      "build": "next build",
      "start": "next start"
    },
    "dependencies": {
      "next": "12.0.7",
      "react": "17.0.2",
      "react-dom": "17.0.2",
      "next-compose-plugins": "^2.2.1",
      "styled-components": "^5.2.1",
      "styled-system": "^5.1.5",
      "react-redux": "^7.2.4",
      "@reduxjs/toolkit": "^1.6.0",
      "next-i18next": "^7.0.1"
    },
    "devDependencies": {
      "@types/node": "^14.14.13",
      "@types/react": "^17.0.0",
      "@types/react-dom": "^17.0.0",
      "typescript": "^4.1.3",
      "autoprefixer": "^10.1.0",
      "tailwindcss": "^2.0.2",
      "postcss": "^8.2.4",
      "babel-plugin-styled-components": "^1.12.0",
      "@types/react-redux": "^7.1.16"
    }
  }

yarn manifest: 
  No manifest

Lockfile: 
  No lockfile
